# JRE version: Java(TM) SE Runtime Environment (8.0_191-b12) (build 1.8.0_191-b12)
# Java VM: Java HotSpot(TM) 64-Bit Server VM (25.191-b12 mixed mode windows-amd64 compressed oops)
Heap:
 PSYoungGen      total 214016K, used 207335K [0x000000076ae00000, 0x0000000779c00000, 0x00000007c0000000)
  eden space 201728K, 96% used [0x000000076ae00000,0x0000000776cf66a8,0x0000000777300000)
  from space 12288K, 95% used [0x0000000778080000,0x0000000778c03928,0x0000000778c80000)
  to   space 13824K, 0% used [0x0000000777300000,0x0000000777300000,0x0000000778080000)
 ParOldGen       total 146432K, used 15979K [0x00000006c0a00000, 0x00000006c9900000, 0x000000076ae00000)
  object space 146432K, 10% used [0x00000006c0a00000,0x00000006c199aca8,0x00000006c9900000)
 Metaspace       used 53014K, capacity 56318K, committed 56616K, reserved 1097728K
  class space    used 6847K, capacity 7372K, committed 7472K, reserved 1048576K
GC Heap History (10 events):
Event: 6.153 GC heap before
{Heap before GC invocations=6 (full 1):
 PSYoungGen      total 119808K, used 119322K [0x000000076ae00000, 0x0000000773c80000, 0x00000007c0000000)
  eden space 115712K, 100% used [0x000000076ae00000,0x0000000771f00000,0x0000000771f00000)
  from space 4096K, 88% used [0x0000000773880000,0x0000000773c06a90,0x0000000773c80000)
  to   space 10752K, 0% used [0x0000000772780000,0x0000000772780000,0x0000000773200000)
 ParOldGen       total 86016K, used 5852K [0x00000006c0a00000, 0x00000006c5e00000, 0x000000076ae00000)
  object space 86016K, 6% used [0x00000006c0a00000,0x00000006c0fb7180,0x00000006c5e00000)
 Metaspace       used 21592K, capacity 22570K, committed 22832K, reserved 1069056K
  class space    used 2819K, capacity 3061K, committed 3120K, reserved 1048576K
Event: 6.156 GC heap after
Heap after GC invocations=6 (full 1):
 PSYoungGen      total 135168K, used 2843K [0x000000076ae00000, 0x0000000778c80000, 0x00000007c0000000)
  eden space 124416K, 0% used [0x000000076ae00000,0x000000076ae00000,0x0000000772780000)
  from space 10752K, 26% used [0x0000000772780000,0x0000000772a46cb0,0x0000000773200000)
  to   space 12288K, 0% used [0x0000000778080000,0x0000000778080000,0x0000000778c80000)
 ParOldGen       total 86016K, used 5860K [0x00000006c0a00000, 0x00000006c5e00000, 0x000000076ae00000)
  object space 86016K, 6% used [0x00000006c0a00000,0x00000006c0fb9180,0x00000006c5e00000)
 Metaspace       used 21592K, capacity 22570K, committed 22832K, reserved 1069056K
  class space    used 2819K, capacity 3061K, committed 3120K, reserved 1048576K
}
Event: 7.194 GC heap before
{Heap before GC invocations=7 (full 1):
 PSYoungGen      total 135168K, used 127259K [0x000000076ae00000, 0x0000000778c80000, 0x00000007c0000000)
  eden space 124416K, 100% used [0x000000076ae00000,0x0000000772780000,0x0000000772780000)
  from space 10752K, 26% used [0x0000000772780000,0x0000000772a46cb0,0x0000000773200000)
  to   space 12288K, 0% used [0x0000000778080000,0x0000000778080000,0x0000000778c80000)
 ParOldGen       total 86016K, used 5860K [0x00000006c0a00000, 0x00000006c5e00000, 0x000000076ae00000)
  object space 86016K, 6% used [0x00000006c0a00000,0x00000006c0fb9180,0x00000006c5e00000)
 Metaspace       used 28705K, capacity 29912K, committed 30256K, reserved 1075200K
  class space    used 3759K, capacity 4020K, committed 4144K, reserved 1048576K
Event: 7.205 GC heap after
Heap after GC invocations=7 (full 1):
 PSYoungGen      total 214016K, used 10457K [0x000000076ae00000, 0x0000000779c00000, 0x00000007c0000000)
  eden space 201728K, 0% used [0x000000076ae00000,0x000000076ae00000,0x0000000777300000)
  from space 12288K, 85% used [0x0000000778080000,0x0000000778ab6558,0x0000000778c80000)
  to   space 13824K, 0% used [0x0000000777300000,0x0000000777300000,0x0000000778080000)
 ParOldGen       total 86016K, used 5932K [0x00000006c0a00000, 0x00000006c5e00000, 0x000000076ae00000)
  object space 86016K, 6% used [0x00000006c0a00000,0x00000006c0fcb190,0x00000006c5e00000)
 Metaspace       used 28705K, capacity 29912K, committed 30256K, reserved 1075200K
  class space    used 3759K, capacity 4020K, committed 4144K, reserved 1048576K
}
Event: 8.268 GC heap before
{Heap before GC invocations=8 (full 1):
 PSYoungGen      total 214016K, used 143164K [0x000000076ae00000, 0x0000000779c00000, 0x00000007c0000000)
  eden space 201728K, 65% used [0x000000076ae00000,0x0000000772f98ca0,0x0000000777300000)
  from space 12288K, 85% used [0x0000000778080000,0x0000000778ab6558,0x0000000778c80000)
  to   space 13824K, 0% used [0x0000000777300000,0x0000000777300000,0x0000000778080000)
 ParOldGen       total 86016K, used 5932K [0x00000006c0a00000, 0x00000006c5e00000, 0x000000076ae00000)
  object space 86016K, 6% used [0x00000006c0a00000,0x00000006c0fcb190,0x00000006c5e00000)
 Metaspace       used 33672K, capacity 35328K, committed 35496K, reserved 1079296K
  class space    used 4472K, capacity 4760K, committed 4784K, reserved 1048576K
Event: 8.281 GC heap after
Heap after GC invocations=8 (full 1):
 PSYoungGen      total 215552K, used 11247K [0x000000076ae00000, 0x0000000779c00000, 0x00000007c0000000)
  eden space 201728K, 0% used [0x000000076ae00000,0x000000076ae00000,0x0000000777300000)
  from space 13824K, 81% used [0x0000000777300000,0x0000000777dfbcc0,0x0000000778080000)
  to   space 12288K, 0% used [0x0000000778080000,0x0000000778080000,0x0000000778c80000)
 ParOldGen       total 86016K, used 5940K [0x00000006c0a00000, 0x00000006c5e00000, 0x000000076ae00000)
  object space 86016K, 6% used [0x00000006c0a00000,0x00000006c0fcd190,0x00000006c5e00000)
 Metaspace       used 33672K, capacity 35328K, committed 35496K, reserved 1079296K
  class space    used 4472K, capacity 4760K, committed 4784K, reserved 1048576K
}
Event: 8.281 GC heap before
{Heap before GC invocations=9 (full 2):
 PSYoungGen      total 215552K, used 11247K [0x000000076ae00000, 0x0000000779c00000, 0x00000007c0000000)
  eden space 201728K, 0% used [0x000000076ae00000,0x000000076ae00000,0x0000000777300000)
  from space 13824K, 81% used [0x0000000777300000,0x0000000777dfbcc0,0x0000000778080000)
  to   space 12288K, 0% used [0x0000000778080000,0x0000000778080000,0x0000000778c80000)
 ParOldGen       total 86016K, used 5940K [0x00000006c0a00000, 0x00000006c5e00000, 0x000000076ae00000)
  object space 86016K, 6% used [0x00000006c0a00000,0x00000006c0fcd190,0x00000006c5e00000)
 Metaspace       used 33672K, capacity 35328K, committed 35496K, reserved 1079296K
  class space    used 4472K, capacity 4760K, committed 4784K, reserved 1048576K
Event: 8.402 GC heap after
Heap after GC invocations=9 (full 2):
 PSYoungGen      total 215552K, used 0K [0x000000076ae00000, 0x0000000779c00000, 0x00000007c0000000)
  eden space 201728K, 0% used [0x000000076ae00000,0x000000076ae00000,0x0000000777300000)
  from space 13824K, 0% used [0x0000000777300000,0x0000000777300000,0x0000000778080000)
  to   space 12288K, 0% used [0x0000000778080000,0x0000000778080000,0x0000000778c80000)
 ParOldGen       total 146432K, used 15971K [0x00000006c0a00000, 0x00000006c9900000, 0x000000076ae00000)
  object space 146432K, 10% used [0x00000006c0a00000,0x00000006c1998ca8,0x00000006c9900000)
 Metaspace       used 33672K, capacity 35328K, committed 35496K, reserved 1079296K
  class space    used 4472K, capacity 4760K, committed 4784K, reserved 1048576K
}
Event: 14.858 GC heap before
{Heap before GC invocations=10 (full 2):
 PSYoungGen      total 215552K, used 201728K [0x000000076ae00000, 0x0000000779c00000, 0x00000007c0000000)
  eden space 201728K, 100% used [0x000000076ae00000,0x0000000777300000,0x0000000777300000)
  from space 13824K, 0% used [0x0000000777300000,0x0000000777300000,0x0000000778080000)
  to   space 12288K, 0% used [0x0000000778080000,0x0000000778080000,0x0000000778c80000)
 ParOldGen       total 146432K, used 15971K [0x00000006c0a00000, 0x00000006c9900000, 0x000000076ae00000)
  object space 146432K, 10% used [0x00000006c0a00000,0x00000006c1998ca8,0x00000006c9900000)
 Metaspace       used 43159K, capacity 45400K, committed 45608K, reserved 1089536K
  class space    used 5725K, capacity 6121K, committed 6192K, reserved 1048576K
Event: 14.868 GC heap after
Heap after GC invocations=10 (full 2):
 PSYoungGen      total 214016K, used 11790K [0x000000076ae00000, 0x0000000779c00000, 0x00000007c0000000)
  eden space 201728K, 0% used [0x000000076ae00000,0x000000076ae00000,0x0000000777300000)
  from space 12288K, 95% used [0x0000000778080000,0x0000000778c03928,0x0000000778c80000)
  to   space 13824K, 0% used [0x0000000777300000,0x0000000777300000,0x0000000778080000)
 ParOldGen       total 146432K, used 15979K [0x00000006c0a00000, 0x00000006c9900000, 0x000000076ae00000)
  object space 146432K, 10% used [0x00000006c0a00000,0x00000006c199aca8,0x00000006c9900000)
 Metaspace       used 43159K, capacity 45400K, committed 45608K, reserved 1089536K
  class space    used 5725K, capacity 6121K, committed 6192K, reserved 1048576K
}

